<?xml version="1.0" encoding="UTF-8"?>
<testng-results ignored="0" total="2" passed="2" failed="0" skipped="0">
  <reporter-output>
  </reporter-output>
  <suite started-at="2022-04-12T16:31:41 IST" name="Default suite" finished-at="2022-04-12T16:32:26 IST" duration-ms="45292">
    <groups>
    </groups>
    <test started-at="2022-04-12T16:31:41 IST" name="Default test" finished-at="2022-04-12T16:32:26 IST" duration-ms="45292">
      <class name="com.crm.qa.testcases.ContactsPageTest">
        <test-method is-config="true" signature="setUp()[pri:0, instance:com.crm.qa.testcases.ContactsPageTest@3e0e1046]" started-at="2022-04-12T16:31:41 IST" name="setUp" finished-at="2022-04-12T16:32:01 IST" duration-ms="20876" status="PASS">
          <reporter-output>
          </reporter-output>
        </test-method> <!-- setUp -->
        <test-method signature="contactsPageLabelTest()[pri:1, instance:com.crm.qa.testcases.ContactsPageTest@3e0e1046]" started-at="2022-04-12T16:32:01 IST" name="contactsPageLabelTest" finished-at="2022-04-12T16:32:02 IST" duration-ms="203" status="PASS">
          <reporter-output>
          </reporter-output>
        </test-method> <!-- contactsPageLabelTest -->
        <test-method is-config="true" signature="tearDown()[pri:0, instance:com.crm.qa.testcases.ContactsPageTest@3e0e1046]" started-at="2022-04-12T16:32:02 IST" name="tearDown" finished-at="2022-04-12T16:32:03 IST" duration-ms="1332" status="PASS">
          <reporter-output>
          </reporter-output>
        </test-method> <!-- tearDown -->
        <test-method is-config="true" signature="setUp()[pri:0, instance:com.crm.qa.testcases.ContactsPageTest@3e0e1046]" started-at="2022-04-12T16:32:03 IST" name="setUp" finished-at="2022-04-12T16:32:21 IST" duration-ms="17956" status="PASS">
          <reporter-output>
          </reporter-output>
        </test-method> <!-- setUp -->
        <test-method signature="addNewContactTest()[pri:2, instance:com.crm.qa.testcases.ContactsPageTest@3e0e1046]" started-at="2022-04-12T16:32:21 IST" name="addNewContactTest" finished-at="2022-04-12T16:32:25 IST" duration-ms="3677" status="PASS">
          <reporter-output>
          </reporter-output>
        </test-method> <!-- addNewContactTest -->
        <test-method is-config="true" signature="tearDown()[pri:0, instance:com.crm.qa.testcases.ContactsPageTest@3e0e1046]" started-at="2022-04-12T16:32:25 IST" name="tearDown" finished-at="2022-04-12T16:32:26 IST" duration-ms="1133" status="PASS">
          <reporter-output>
          </reporter-output>
        </test-method> <!-- tearDown -->
      </class> <!-- com.crm.qa.testcases.ContactsPageTest -->
    </test> <!-- Default test -->
  </suite> <!-- Default suite -->
</testng-results>
